15264 : 2025-04-16 02:24:28,933 : INFO : telemetry.main : Attempt start. Configuration directory [C:\Users\saudn\.azure]. Cache directory [C:\Users\saudn\.azure\telemetry\20250416022428492].
15264 : 2025-04-16 02:24:28,933 : INFO : telemetry.records : 1 cache files to upload.
15264 : 2025-04-16 02:24:28,948 : INFO : telemetry.records : Processed file C:\Users\saudn\.azure\telemetry\20250416022428492\cache into 1 records.
15264 : 2025-04-16 02:24:28,964 : INFO : telemetry.records : Remove directory C:\Users\saudn\.azure\telemetry\20250416022428492
15264 : 2025-04-16 02:24:29,011 : INFO : telemetry.client : Accumulated 1 events. Flush the clients.
15264 : 2025-04-16 02:24:29,011 : INFO : telemetry.client : Flush client c4395b75-49cc-422c-bc95-c7d51aef5d46.
15264 : 2025-04-16 02:24:29,243 : INFO : telemetry.sender : Sending 4608 bytes
15264 : 2025-04-16 02:24:29,244 : INFO : telemetry.sender : Finish uploading in 0.233036 seconds.
9828 : 2025-04-16 02:27:35,064 : INFO : telemetry.main : Attempt start. Configuration directory [C:\Users\saudn\.azure]. Cache directory [C:\Users\saudn\.azure\telemetry\20250416022734630].
9828 : 2025-04-16 02:27:35,064 : INFO : telemetry.records : 1 cache files to upload.
9828 : 2025-04-16 02:27:35,079 : INFO : telemetry.records : Processed file C:\Users\saudn\.azure\telemetry\20250416022734630\cache into 1 records.
9828 : 2025-04-16 02:27:35,079 : INFO : telemetry.records : Remove directory C:\Users\saudn\.azure\telemetry\20250416022734630
9828 : 2025-04-16 02:27:35,142 : INFO : telemetry.client : Accumulated 1 events. Flush the clients.
9828 : 2025-04-16 02:27:35,142 : INFO : telemetry.client : Flush client c4395b75-49cc-422c-bc95-c7d51aef5d46.
9828 : 2025-04-16 02:27:35,362 : INFO : telemetry.sender : Sending 4089 bytes
9828 : 2025-04-16 02:27:35,362 : INFO : telemetry.sender : Finish uploading in 0.220271 seconds.
13604 : 2025-04-16 02:27:56,911 : INFO : telemetry.main : Attempt start. Configuration directory [C:\Users\saudn\.azure]. Cache directory [C:\Users\saudn\.azure\telemetry\20250416022756508].
13604 : 2025-04-16 02:27:56,911 : INFO : telemetry.records : 1 cache files to upload.
13604 : 2025-04-16 02:27:56,938 : INFO : telemetry.records : Processed file C:\Users\saudn\.azure\telemetry\20250416022756508\cache into 1 records.
13604 : 2025-04-16 02:27:56,938 : INFO : telemetry.records : Remove directory C:\Users\saudn\.azure\telemetry\20250416022756508
13604 : 2025-04-16 02:27:56,998 : INFO : telemetry.client : Accumulated 1 events. Flush the clients.
13604 : 2025-04-16 02:27:56,998 : INFO : telemetry.client : Flush client c4395b75-49cc-422c-bc95-c7d51aef5d46.
13604 : 2025-04-16 02:27:57,203 : INFO : telemetry.sender : Sending 4607 bytes
13604 : 2025-04-16 02:27:57,203 : INFO : telemetry.sender : Finish uploading in 0.204723 seconds.
10308 : 2025-04-16 02:28:07,205 : INFO : telemetry.main : Attempt start. Configuration directory [C:\Users\saudn\.azure]. Cache directory [C:\Users\saudn\.azure\telemetry\20250416022806781].
10308 : 2025-04-16 02:28:07,205 : INFO : telemetry.records : 1 cache files to upload.
10308 : 2025-04-16 02:28:07,220 : INFO : telemetry.records : Processed file C:\Users\saudn\.azure\telemetry\20250416022806781\cache into 1 records.
10308 : 2025-04-16 02:28:07,220 : INFO : telemetry.records : Remove directory C:\Users\saudn\.azure\telemetry\20250416022806781
10308 : 2025-04-16 02:28:07,267 : INFO : telemetry.client : Accumulated 1 events. Flush the clients.
10308 : 2025-04-16 02:28:07,283 : INFO : telemetry.client : Flush client c4395b75-49cc-422c-bc95-c7d51aef5d46.
10308 : 2025-04-16 02:28:07,486 : INFO : telemetry.sender : Sending 4089 bytes
10308 : 2025-04-16 02:28:07,486 : INFO : telemetry.sender : Finish uploading in 0.202856 seconds.
14108 : 2025-04-16 02:29:41,896 : INFO : telemetry.main : Attempt start. Configuration directory [C:\Users\saudn\.azure]. Cache directory [C:\Users\saudn\.azure\telemetry\20250416022941442].
14108 : 2025-04-16 02:29:41,896 : INFO : telemetry.records : 1 cache files to upload.
14108 : 2025-04-16 02:29:41,912 : INFO : telemetry.records : Processed file C:\Users\saudn\.azure\telemetry\20250416022941442\cache into 1 records.
14108 : 2025-04-16 02:29:41,928 : INFO : telemetry.records : Remove directory C:\Users\saudn\.azure\telemetry\20250416022941442
14108 : 2025-04-16 02:29:41,975 : INFO : telemetry.client : Accumulated 1 events. Flush the clients.
14108 : 2025-04-16 02:29:41,975 : INFO : telemetry.client : Flush client c4395b75-49cc-422c-bc95-c7d51aef5d46.
14108 : 2025-04-16 02:29:42,222 : INFO : telemetry.sender : Sending 4089 bytes
14108 : 2025-04-16 02:29:42,222 : INFO : telemetry.sender : Finish uploading in 0.247261 seconds.
3884 : 2025-04-16 02:29:56,982 : INFO : telemetry.main : Attempt start. Configuration directory [C:\Users\saudn\.azure]. Cache directory [C:\Users\saudn\.azure\telemetry\20250416022956523].
3884 : 2025-04-16 02:29:56,982 : INFO : telemetry.records : 1 cache files to upload.
3884 : 2025-04-16 02:29:56,998 : INFO : telemetry.records : Processed file C:\Users\saudn\.azure\telemetry\20250416022956523\cache into 1 records.
3884 : 2025-04-16 02:29:56,998 : INFO : telemetry.records : Remove directory C:\Users\saudn\.azure\telemetry\20250416022956523
3884 : 2025-04-16 02:29:57,060 : INFO : telemetry.client : Accumulated 1 events. Flush the clients.
3884 : 2025-04-16 02:29:57,060 : INFO : telemetry.client : Flush client c4395b75-49cc-422c-bc95-c7d51aef5d46.
3884 : 2025-04-16 02:29:57,260 : INFO : telemetry.sender : Sending 4070 bytes
3884 : 2025-04-16 02:29:57,260 : INFO : telemetry.sender : Finish uploading in 0.199760 seconds.
15256 : 2025-04-16 02:30:09,155 : INFO : telemetry.main : Attempt start. Configuration directory [C:\Users\saudn\.azure]. Cache directory [C:\Users\saudn\.azure\telemetry\20250416023008718].
15256 : 2025-04-16 02:30:09,155 : INFO : telemetry.records : 1 cache files to upload.
15256 : 2025-04-16 02:30:09,170 : INFO : telemetry.records : Processed file C:\Users\saudn\.azure\telemetry\20250416023008718\cache into 1 records.
15256 : 2025-04-16 02:30:09,170 : INFO : telemetry.records : Remove directory C:\Users\saudn\.azure\telemetry\20250416023008718
15256 : 2025-04-16 02:30:09,217 : INFO : telemetry.client : Accumulated 1 events. Flush the clients.
15256 : 2025-04-16 02:30:09,217 : INFO : telemetry.client : Flush client c4395b75-49cc-422c-bc95-c7d51aef5d46.
15256 : 2025-04-16 02:30:09,436 : INFO : telemetry.sender : Sending 4607 bytes
15256 : 2025-04-16 02:30:09,436 : INFO : telemetry.sender : Finish uploading in 0.218777 seconds.
6128 : 2025-04-16 02:30:23,345 : INFO : telemetry.main : Attempt start. Configuration directory [C:\Users\saudn\.azure]. Cache directory [C:\Users\saudn\.azure\telemetry\20250416023022895].
6128 : 2025-04-16 02:30:23,345 : INFO : telemetry.records : 1 cache files to upload.
6128 : 2025-04-16 02:30:23,345 : INFO : telemetry.records : Processed file C:\Users\saudn\.azure\telemetry\20250416023022895\cache into 1 records.
6128 : 2025-04-16 02:30:23,361 : INFO : telemetry.records : Remove directory C:\Users\saudn\.azure\telemetry\20250416023022895
6128 : 2025-04-16 02:30:23,408 : INFO : telemetry.client : Accumulated 1 events. Flush the clients.
6128 : 2025-04-16 02:30:23,408 : INFO : telemetry.client : Flush client c4395b75-49cc-422c-bc95-c7d51aef5d46.
6128 : 2025-04-16 02:30:23,771 : INFO : telemetry.sender : Sending 4089 bytes
6128 : 2025-04-16 02:30:23,771 : INFO : telemetry.sender : Finish uploading in 0.348220 seconds.
10748 : 2025-04-16 02:31:39,731 : INFO : telemetry.main : Attempt start. Configuration directory [C:\Users\saudn\.azure]. Cache directory [C:\Users\saudn\.azure\telemetry\20250416023139282].
10748 : 2025-04-16 02:31:39,731 : INFO : telemetry.records : 1 cache files to upload.
10748 : 2025-04-16 02:31:39,746 : INFO : telemetry.records : Processed file C:\Users\saudn\.azure\telemetry\20250416023139282\cache into 1 records.
10748 : 2025-04-16 02:31:39,746 : INFO : telemetry.records : Remove directory C:\Users\saudn\.azure\telemetry\20250416023139282
10748 : 2025-04-16 02:31:39,809 : INFO : telemetry.client : Accumulated 1 events. Flush the clients.
10748 : 2025-04-16 02:31:39,809 : INFO : telemetry.client : Flush client c4395b75-49cc-422c-bc95-c7d51aef5d46.
10748 : 2025-04-16 02:31:40,012 : INFO : telemetry.sender : Sending 4089 bytes
10748 : 2025-04-16 02:31:40,012 : INFO : telemetry.sender : Finish uploading in 0.203441 seconds.
5336 : 2025-04-16 02:33:36,300 : INFO : telemetry.main : Attempt start. Configuration directory [C:\Users\saudn\.azure]. Cache directory [C:\Users\saudn\.azure\telemetry\20250416023335890].
5336 : 2025-04-16 02:33:36,301 : INFO : telemetry.records : 1 cache files to upload.
5336 : 2025-04-16 02:33:36,317 : INFO : telemetry.records : Processed file C:\Users\saudn\.azure\telemetry\20250416023335890\cache into 1 records.
5336 : 2025-04-16 02:33:36,317 : INFO : telemetry.records : Remove directory C:\Users\saudn\.azure\telemetry\20250416023335890
5336 : 2025-04-16 02:33:36,364 : INFO : telemetry.client : Accumulated 1 events. Flush the clients.
5336 : 2025-04-16 02:33:36,364 : INFO : telemetry.client : Flush client c4395b75-49cc-422c-bc95-c7d51aef5d46.
5336 : 2025-04-16 02:33:36,708 : INFO : telemetry.sender : Sending 4043 bytes
5336 : 2025-04-16 02:33:36,708 : INFO : telemetry.sender : Finish uploading in 0.344208 seconds.
12340 : 2025-04-16 02:35:30,942 : INFO : telemetry.main : Attempt start. Configuration directory [C:\Users\saudn\.azure]. Cache directory [C:\Users\saudn\.azure\telemetry\20250416023530522].
12340 : 2025-04-16 02:35:30,942 : INFO : telemetry.records : 1 cache files to upload.
12340 : 2025-04-16 02:35:30,958 : INFO : telemetry.records : Processed file C:\Users\saudn\.azure\telemetry\20250416023530522\cache into 1 records.
12340 : 2025-04-16 02:35:30,958 : INFO : telemetry.records : Remove directory C:\Users\saudn\.azure\telemetry\20250416023530522
12340 : 2025-04-16 02:35:31,004 : INFO : telemetry.client : Accumulated 1 events. Flush the clients.
12340 : 2025-04-16 02:35:31,004 : INFO : telemetry.client : Flush client c4395b75-49cc-422c-bc95-c7d51aef5d46.
12340 : 2025-04-16 02:35:31,208 : INFO : telemetry.sender : Sending 4090 bytes
12340 : 2025-04-16 02:35:31,208 : INFO : telemetry.sender : Finish uploading in 0.203312 seconds.
2180 : 2025-04-16 02:35:55,299 : INFO : telemetry.main : Attempt start. Configuration directory [C:\Users\saudn\.azure]. Cache directory [C:\Users\saudn\.azure\telemetry\20250416023554883].
2180 : 2025-04-16 02:35:55,299 : INFO : telemetry.records : 1 cache files to upload.
2180 : 2025-04-16 02:35:55,314 : INFO : telemetry.records : Processed file C:\Users\saudn\.azure\telemetry\20250416023554883\cache into 1 records.
2180 : 2025-04-16 02:35:55,314 : INFO : telemetry.records : Remove directory C:\Users\saudn\.azure\telemetry\20250416023554883
2180 : 2025-04-16 02:35:55,377 : INFO : telemetry.client : Accumulated 1 events. Flush the clients.
2180 : 2025-04-16 02:35:55,377 : INFO : telemetry.client : Flush client c4395b75-49cc-422c-bc95-c7d51aef5d46.
2180 : 2025-04-16 02:35:55,612 : INFO : telemetry.sender : Sending 4015 bytes
2180 : 2025-04-16 02:35:55,612 : INFO : telemetry.sender : Finish uploading in 0.234730 seconds.
14672 : 2025-04-16 02:36:05,012 : INFO : telemetry.main : Attempt start. Configuration directory [C:\Users\saudn\.azure]. Cache directory [C:\Users\saudn\.azure\telemetry\20250416023604637].
14672 : 2025-04-16 02:36:05,012 : INFO : telemetry.records : 1 cache files to upload.
14672 : 2025-04-16 02:36:05,027 : INFO : telemetry.records : Processed file C:\Users\saudn\.azure\telemetry\20250416023604637\cache into 1 records.
14672 : 2025-04-16 02:36:05,027 : INFO : telemetry.records : Remove directory C:\Users\saudn\.azure\telemetry\20250416023604637
14672 : 2025-04-16 02:36:05,090 : INFO : telemetry.client : Accumulated 1 events. Flush the clients.
14672 : 2025-04-16 02:36:05,090 : INFO : telemetry.client : Flush client c4395b75-49cc-422c-bc95-c7d51aef5d46.
14672 : 2025-04-16 02:36:05,293 : INFO : telemetry.sender : Sending 3916 bytes
14672 : 2025-04-16 02:36:05,293 : INFO : telemetry.sender : Finish uploading in 0.203154 seconds.
13600 : 2025-04-16 02:37:05,846 : INFO : telemetry.main : Attempt start. Configuration directory [C:\Users\saudn\.azure]. Cache directory [C:\Users\saudn\.azure\telemetry\20250416023705455].
13600 : 2025-04-16 02:37:05,846 : INFO : telemetry.records : 1 cache files to upload.
13600 : 2025-04-16 02:37:05,862 : INFO : telemetry.records : Processed file C:\Users\saudn\.azure\telemetry\20250416023705455\cache into 1 records.
13600 : 2025-04-16 02:37:05,862 : INFO : telemetry.records : Remove directory C:\Users\saudn\.azure\telemetry\20250416023705455
13600 : 2025-04-16 02:37:05,908 : INFO : telemetry.client : Accumulated 1 events. Flush the clients.
13600 : 2025-04-16 02:37:05,908 : INFO : telemetry.client : Flush client c4395b75-49cc-422c-bc95-c7d51aef5d46.
13600 : 2025-04-16 02:37:06,115 : INFO : telemetry.sender : Sending 4018 bytes
13600 : 2025-04-16 02:37:06,115 : INFO : telemetry.sender : Finish uploading in 0.206450 seconds.
708 : 2025-04-29 03:36:36,538 : INFO : telemetry.main : Attempt start. Configuration directory [C:\Users\saudn\.azure]. Cache directory [C:\Users\saudn\.azure\telemetry\20250429033636225].
708 : 2025-04-29 03:36:36,538 : INFO : telemetry.records : 1 cache files to upload.
708 : 2025-04-29 03:36:36,554 : INFO : telemetry.records : Processed file C:\Users\saudn\.azure\telemetry\20250429033636225\cache into 1 records.
708 : 2025-04-29 03:36:36,554 : INFO : telemetry.records : Remove directory C:\Users\saudn\.azure\telemetry\20250429033636225
708 : 2025-04-29 03:36:36,585 : INFO : telemetry.client : Accumulated 1 events. Flush the clients.
708 : 2025-04-29 03:36:36,585 : INFO : telemetry.client : Flush client c4395b75-49cc-422c-bc95-c7d51aef5d46.
708 : 2025-04-29 03:36:36,793 : INFO : telemetry.sender : Sending 4607 bytes
708 : 2025-04-29 03:36:36,794 : INFO : telemetry.sender : Finish uploading in 0.207982 seconds.
2424 : 2025-04-29 03:37:12,466 : INFO : telemetry.main : Attempt start. Configuration directory [C:\Users\saudn\.azure]. Cache directory [C:\Users\saudn\.azure\telemetry\20250429033712153].
2424 : 2025-04-29 03:37:12,466 : INFO : telemetry.records : 1 cache files to upload.
2424 : 2025-04-29 03:37:12,466 : INFO : telemetry.records : Processed file C:\Users\saudn\.azure\telemetry\20250429033712153\cache into 1 records.
2424 : 2025-04-29 03:37:12,481 : INFO : telemetry.records : Remove directory C:\Users\saudn\.azure\telemetry\20250429033712153
2424 : 2025-04-29 03:37:12,513 : INFO : telemetry.client : Accumulated 1 events. Flush the clients.
2424 : 2025-04-29 03:37:12,513 : INFO : telemetry.client : Flush client c4395b75-49cc-422c-bc95-c7d51aef5d46.
2424 : 2025-04-29 03:37:12,701 : INFO : telemetry.sender : Sending 4608 bytes
2424 : 2025-04-29 03:37:12,701 : INFO : telemetry.sender : Finish uploading in 0.187890 seconds.
6924 : 2025-04-29 03:38:06,484 : INFO : telemetry.main : Attempt start. Configuration directory [C:\Users\saudn\.azure]. Cache directory [C:\Users\saudn\.azure\telemetry\20250429033806156].
6924 : 2025-04-29 03:38:06,484 : INFO : telemetry.records : 1 cache files to upload.
6924 : 2025-04-29 03:38:06,484 : INFO : telemetry.records : Processed file C:\Users\saudn\.azure\telemetry\20250429033806156\cache into 1 records.
6924 : 2025-04-29 03:38:06,500 : INFO : telemetry.records : Remove directory C:\Users\saudn\.azure\telemetry\20250429033806156
6924 : 2025-04-29 03:38:06,531 : INFO : telemetry.client : Accumulated 1 events. Flush the clients.
6924 : 2025-04-29 03:38:06,531 : INFO : telemetry.client : Flush client c4395b75-49cc-422c-bc95-c7d51aef5d46.
6924 : 2025-04-29 03:38:06,719 : INFO : telemetry.sender : Sending 4036 bytes
6924 : 2025-04-29 03:38:06,719 : INFO : telemetry.sender : Finish uploading in 0.187983 seconds.
5452 : 2025-04-29 03:38:17,172 : INFO : telemetry.main : Attempt start. Configuration directory [C:\Users\saudn\.azure]. Cache directory [C:\Users\saudn\.azure\telemetry\20250429033816844].
5452 : 2025-04-29 03:38:17,172 : INFO : telemetry.records : 1 cache files to upload.
5452 : 2025-04-29 03:38:17,172 : INFO : telemetry.records : Processed file C:\Users\saudn\.azure\telemetry\20250429033816844\cache into 1 records.
5452 : 2025-04-29 03:38:17,172 : INFO : telemetry.records : Remove directory C:\Users\saudn\.azure\telemetry\20250429033816844
5452 : 2025-04-29 03:38:17,219 : INFO : telemetry.client : Accumulated 1 events. Flush the clients.
5452 : 2025-04-29 03:38:17,219 : INFO : telemetry.client : Flush client c4395b75-49cc-422c-bc95-c7d51aef5d46.
5452 : 2025-04-29 03:38:17,422 : INFO : telemetry.sender : Sending 4607 bytes
5452 : 2025-04-29 03:38:17,422 : INFO : telemetry.sender : Finish uploading in 0.203283 seconds.
10060 : 2025-05-10 15:04:06,764 : INFO : telemetry.main : Attempt start. Configuration directory [C:\Users\saudn\.azure]. Cache directory [C:\Users\saudn\.azure\telemetry\20250510150406234].
10060 : 2025-05-10 15:04:06,790 : INFO : telemetry.records : 1 cache files to upload.
10060 : 2025-05-10 15:04:06,821 : INFO : telemetry.records : Processed file C:\Users\saudn\.azure\telemetry\20250510150406234\cache into 1 records.
10060 : 2025-05-10 15:04:06,821 : INFO : telemetry.records : Remove directory C:\Users\saudn\.azure\telemetry\20250510150406234
10060 : 2025-05-10 15:04:06,821 : DEBUG : telemetry.client : Fail to parse data {"c4395b75-49cc-422c-bc95-c7d51aef5d46": [{"name": "azurecli/command", "properties": {"Reserved.DataModel.EntityType": "UserTask", "Reserved.DataModel.Action.Type": "Atomic", "Reserved.DataModel.Action.Result": "UserFault", "Reserved.DataModel.Action.ResultSummary": "the following arguments are required: --resource-group/-g", "Reserved.ChannelUsed": "AI", "Reserved.EventId": "33f144ca-1044-47f2-a3e1-7fb7423df583", "Reserved.SequenceNumber": 1, "Reserved.SessionId": "6c2b6975a88aca5413cfb9ee060b7a5709fd4987745dfcb08bad4029c94cf3d6", "Reserved.TimeSinceSessionStart": 0, "Reserved.DataModel.Source": "DataModelAPI", "Reserved.DataModel.EntitySchemaVersion": 4, "Reserved.DataModel.Severity": 0, "Reserved.DataModel.ProductName": "azurecli", "Reserved.DataModel.FeatureName": "command", "Reserved.DataModel.EntityName": "executeunknowncommand", "Reserved.DataModel.CorrelationId": "27df7aa6-aca1-4783-a40b-d9e8c4233539", "Context.Default.VS.Core.ExeName": "azurecli", "Context.Default.VS.Core.ExeVersion": "2.71.0@none", "Context.Default.VS.Core.MacAddressHash": "7edeab9cc5562ccb66080704c99ee249b9928f7faf78f5306ecbceafc82859dd", "Context.Default.VS.Core.Machine.Id": "7edeab9c-c556-2ccb-6608-0704c99ee249", "Context.Default.VS.Core.OS.Type": "windows", "Context.Default.VS.Core.OS.Version": "10.0.19045", "Context.Default.VS.Core.OS.Platform": "windows-10-10.0.19045-sp0", "Context.Default.VS.Core.Distro.Name": "", "Context.Default.VS.Core.Distro.Id": "", "Context.Default.VS.Core.Distro.Version": "", "Context.Dafault.VS.Core.Istty": "True", "Context.Default.VS.Core.DevDeviceId": "0ee7bba5-511d-413c-8c0a-743d717754c5", "Context.Default.VS.Core.User.Id": "8a4e7bb9-1a61-11f0-a383-80ce622b76f8", "Context.Default.VS.Core.User.IsMicrosoftInternal": "False", "Context.Default.VS.Core.User.IsOptedIn": "True", "Context.Default.VS.Core.TelemetryApi.ProductVersion": "azurecli@2.71.0", "Context.Default.AzureCLI.Source": "az", "Context.Default.AzureCLI.ClientRequestId": "a161f5d7-2da7-11f0-87f2-f8633fcc6e02", "Context.Default.AzureCLI.UserAgent": "AZURECLI/2.71.0 (MSI)", "Context.Default.AzureCLI.CoreVersion": "2.71.0", "Context.Default.AzureCLI.TelemetryVersion": "2.0", "Context.Default.AzureCLI.InstallationId": "8a4e7bb9-1a61-11f0-a383-80ce622b76f8", "Context.Default.AzureCLI.ShellType": "cmd", "Context.Default.AzureCLI.UserAzureId": "", "Context.Default.AzureCLI.DefaultOutputType": "unknown", "Context.Default.AzureCLI.EnvironmentVariables": "[]", "Context.Default.AzureCLI.Locale": "English_Pakistan,1252", "Context.Default.AzureCLI.StartTime": "2025-05-10 14:04:03.873926", "Context.Default.AzureCLI.EndTime": "2025-05-10 14:04:06.033866", "Context.Default.AzureCLI.InitTimeElapsed": "1.269141", "Context.Default.AzureCLI.InvokeTimeElapsed": "2.140386", "Context.Default.AzureCLI.OutputType": "none", "Context.Default.AzureCLI.RawCommand": "deployment group create", "Context.Default.AzureCLI.Params": "", "Context.Default.AzureCLI.PythonVersion": "3.12.8", "Context.Default.AzureCLI.Mode": "default", "Context.Default.AzureCLI.Installer": "MSI", "Context.Default.AzureCLI.error_type": "RequiredArgumentMissingError", "Context.Default.AzureCLI.exception_name": "None", "Context.Default.AzureCLI.debug_info": "AladdinResponseTime: 0.148903,AladdinRecommendCommand: az deployment group create --resource-group testgroup --template-file demotemplate.json --parameters exampleString='inline;az deployment group create --parameters '{ \\\"policyName\\\": { \\\"value\\\": \\\"policy2\\\" } }' --resource-group testgroup --template-uri https://myresource/azuredeploy.json;az group create --location westus --resource-group MyResourceGroup", "Context.Default.AzureCLI.PollStartTime": "None", "Context.Default.AzureCLI.PollEndTime": "None", "Context.Default.AzureCLI.CloudName": "AzureCloud", "Context.Default.AzureCLI.ShowSurveyMessage": "False", "Context.Default.AzureCLI.SecretsDetected": "None", "Context.Default.AzureCLI.SecretKeys": "", "Context.Default.AzureCLI.SecretNames": "", "Context.Default.AzureCLI.EnableBrokerOnWindows": "None", "Context.Default.AzureCLI.LoginExperienceV2": "None"}}]}
 to JSON. Reason Expecting ',' delimiter: line 1 column 3397 (char 3396).
10060 : 2025-05-10 15:04:06,821 : INFO : telemetry.client : Accumulated 0 events. Flush the clients.
14168 : 2025-05-10 15:07:56,406 : INFO : telemetry.main : Attempt start. Configuration directory [C:\Users\saudn\.azure]. Cache directory [C:\Users\saudn\.azure\telemetry\20250510150755990].
14168 : 2025-05-10 15:07:56,406 : INFO : telemetry.records : 1 cache files to upload.
14168 : 2025-05-10 15:07:56,425 : INFO : telemetry.records : Processed file C:\Users\saudn\.azure\telemetry\20250510150755990\cache into 1 records.
14168 : 2025-05-10 15:07:56,425 : INFO : telemetry.records : Remove directory C:\Users\saudn\.azure\telemetry\20250510150755990
14168 : 2025-05-10 15:07:56,489 : INFO : telemetry.client : Accumulated 1 events. Flush the clients.
14168 : 2025-05-10 15:07:56,489 : INFO : telemetry.client : Flush client c4395b75-49cc-422c-bc95-c7d51aef5d46.
14168 : 2025-05-10 15:07:56,723 : INFO : telemetry.sender : Sending 4654 bytes
14168 : 2025-05-10 15:07:56,723 : INFO : telemetry.sender : Finish uploading in 0.234450 seconds.
3284 : 2025-05-10 15:19:34,373 : INFO : telemetry.main : Attempt start. Configuration directory [C:\Users\saudn\.azure]. Cache directory [C:\Users\saudn\.azure\telemetry\20250510151933961].
3284 : 2025-05-10 15:19:34,373 : INFO : telemetry.records : 1 cache files to upload.
3284 : 2025-05-10 15:19:34,392 : INFO : telemetry.records : Processed file C:\Users\saudn\.azure\telemetry\20250510151933961\cache into 1 records.
3284 : 2025-05-10 15:19:34,392 : INFO : telemetry.records : Remove directory C:\Users\saudn\.azure\telemetry\20250510151933961
3284 : 2025-05-10 15:19:34,392 : DEBUG : telemetry.client : Fail to parse data {"c4395b75-49cc-422c-bc95-c7d51aef5d46": [{"name": "azurecli/command", "properties": {"Reserved.DataModel.EntityType": "UserTask", "Reserved.DataModel.Action.Type": "Atomic", "Reserved.DataModel.Action.Result": "UserFault", "Reserved.DataModel.Action.ResultSummary": "the following arguments are required: --resource-group/-g", "Reserved.ChannelUsed": "AI", "Reserved.EventId": "b8e220e6-c386-4974-bead-48db806697d6", "Reserved.SequenceNumber": 1, "Reserved.SessionId": "d194c59e47cd28a086c16d2b8eb7f3ced1f69e2f66430909855eb60fd898e071", "Reserved.TimeSinceSessionStart": 0, "Reserved.DataModel.Source": "DataModelAPI", "Reserved.DataModel.EntitySchemaVersion": 4, "Reserved.DataModel.Severity": 0, "Reserved.DataModel.ProductName": "azurecli", "Reserved.DataModel.FeatureName": "command", "Reserved.DataModel.EntityName": "executeunknowncommand", "Reserved.DataModel.CorrelationId": "ebd588af-c65e-4195-ae70-9fc0e9bb87dd", "Context.Default.VS.Core.ExeName": "azurecli", "Context.Default.VS.Core.ExeVersion": "2.71.0@none", "Context.Default.VS.Core.MacAddressHash": "7edeab9cc5562ccb66080704c99ee249b9928f7faf78f5306ecbceafc82859dd", "Context.Default.VS.Core.Machine.Id": "7edeab9c-c556-2ccb-6608-0704c99ee249", "Context.Default.VS.Core.OS.Type": "windows", "Context.Default.VS.Core.OS.Version": "10.0.19045", "Context.Default.VS.Core.OS.Platform": "windows-10-10.0.19045-sp0", "Context.Default.VS.Core.Distro.Name": "", "Context.Default.VS.Core.Distro.Id": "", "Context.Default.VS.Core.Distro.Version": "", "Context.Dafault.VS.Core.Istty": "True", "Context.Default.VS.Core.DevDeviceId": "0ee7bba5-511d-413c-8c0a-743d717754c5", "Context.Default.VS.Core.User.Id": "8a4e7bb9-1a61-11f0-a383-80ce622b76f8", "Context.Default.VS.Core.User.IsMicrosoftInternal": "False", "Context.Default.VS.Core.User.IsOptedIn": "True", "Context.Default.VS.Core.TelemetryApi.ProductVersion": "azurecli@2.71.0", "Context.Default.AzureCLI.Source": "az", "Context.Default.AzureCLI.ClientRequestId": "cacb5973-2da9-11f0-877c-f8633fcc6e02", "Context.Default.AzureCLI.UserAgent": "AZURECLI/2.71.0 (MSI)", "Context.Default.AzureCLI.CoreVersion": "2.71.0", "Context.Default.AzureCLI.TelemetryVersion": "2.0", "Context.Default.AzureCLI.InstallationId": "8a4e7bb9-1a61-11f0-a383-80ce622b76f8", "Context.Default.AzureCLI.ShellType": "cmd", "Context.Default.AzureCLI.UserAzureId": "6f1939c680880b62cac7ed7507c46a6460356aa5e5a8e8c04effeb97476f55f7", "Context.Default.AzureCLI.UserAzureSubscriptionId": "60bcf7ab-6bd0-456f-8709-6d54a792d1bf", "Context.Default.AzureCLI.DefaultOutputType": "unknown", "Context.Default.AzureCLI.EnvironmentVariables": "[]", "Context.Default.AzureCLI.Locale": "English_Pakistan,1252", "Context.Default.AzureCLI.StartTime": "2025-05-10 14:19:32.353265", "Context.Default.AzureCLI.EndTime": "2025-05-10 14:19:33.795884", "Context.Default.AzureCLI.InitTimeElapsed": "0.485752", "Context.Default.AzureCLI.InvokeTimeElapsed": "1.437633", "Context.Default.AzureCLI.OutputType": "none", "Context.Default.AzureCLI.RawCommand": "deployment group create", "Context.Default.AzureCLI.Params": "", "Context.Default.AzureCLI.PythonVersion": "3.12.8", "Context.Default.AzureCLI.Mode": "default", "Context.Default.AzureCLI.Installer": "MSI", "Context.Default.AzureCLI.error_type": "RequiredArgumentMissingError", "Context.Default.AzureCLI.exception_name": "None", "Context.Default.AzureCLI.debug_info": "AladdinException: ConnectionError,ExampleRecommendCommand: az deployment group create --resource-group testrg --template-spec \"/subscriptions/00000000-0000-0000-0000-000000000000/resourceGroups/testrg/providers/Microsoft.Resources/templateSpecs/myTemplateSpec/versions/1.0\";az deployment group create --resource-group testrg --parameters parameters.bicepparam;az deployment group create --resource-group testgroup --template-file demotemplate.json --parameters exampleString='inline string' exampleArray='(\"value1\", \"value2\")'", "Context.Default.AzureCLI.PollStartTime": "None", "Context.Default.AzureCLI.PollEndTime": "None", "Context.Default.AzureCLI.CloudName": "AzureCloud", "Context.Default.AzureCLI.ShowSurveyMessage": "False", "Context.Default.AzureCLI.SecretsDetected": "None", "Context.Default.AzureCLI.SecretKeys": "", "Context.Default.AzureCLI.SecretNames": "", "Context.Default.AzureCLI.EnableBrokerOnWindows": "None", "Context.Default.AzureCLI.LoginExperienceV2": "None"}}]}
 to JSON. Reason Expecting ',' delimiter: line 1 column 3860 (char 3859).
3284 : 2025-05-10 15:19:34,392 : INFO : telemetry.client : Accumulated 0 events. Flush the clients.
